<?xml version="1.0" encoding="UTF-8"?>
<testsuite xmlns:xsi="http://www.w3.org/2001/XMLSchema-instance" xsi:noNamespaceSchemaLocation="https://maven.apache.org/surefire/maven-surefire-plugin/xsd/surefire-test-report.xsd" name="TestSuite" time="3.251" tests="1" errors="0" skipped="0" failures="0">
  <properties>
    <property name="sun.desktop" value="gnome"/>
    <property name="awt.toolkit" value="sun.awt.X11.XToolkit"/>
    <property name="file.encoding.pkg" value="sun.io"/>
    <property name="java.specification.version" value="1.8"/>
    <property name="sun.cpu.isalist" value=""/>
    <property name="sun.jnu.encoding" value="UTF-8"/>
    <property name="java.class.path" value="/home/vassar/Videos/Cucumberprojects/Httpclient/target/test-classes:/home/vassar/Videos/Cucumberprojects/Httpclient/target/classes:/home/vassar/.m2/repository/org/apache/httpcomponents/httpclient/4.5.11/httpclient-4.5.11.jar:/home/vassar/.m2/repository/commons-logging/commons-logging/1.2/commons-logging-1.2.jar:/home/vassar/.m2/repository/commons-codec/commons-codec/1.11/commons-codec-1.11.jar:/home/vassar/.m2/repository/org/apache/httpcomponents/httpcore/4.4.13/httpcore-4.4.13.jar:/home/vassar/.m2/repository/org/testng/testng/7.1.0/testng-7.1.0.jar:/home/vassar/.m2/repository/com/beust/jcommander/1.72/jcommander-1.72.jar:/home/vassar/.m2/repository/com/google/inject/guice/4.1.0/guice-4.1.0-no_aop.jar:/home/vassar/.m2/repository/javax/inject/javax.inject/1/javax.inject-1.jar:/home/vassar/.m2/repository/aopalliance/aopalliance/1.0/aopalliance-1.0.jar:/home/vassar/.m2/repository/com/google/guava/guava/19.0/guava-19.0.jar:/home/vassar/.m2/repository/org/yaml/snakeyaml/1.21/snakeyaml-1.21.jar:/home/vassar/.m2/repository/org/json/json/20190722/json-20190722.jar:/home/vassar/.m2/repository/org/apache/maven/surefire/surefire-testng-utils/2.21.0/surefire-testng-utils-2.21.0.jar:/home/vassar/.m2/repository/org/apache/maven/surefire/surefire-grouper/2.21.0/surefire-grouper-2.21.0.jar:"/>
    <property name="java.vm.vendor" value="Private Build"/>
    <property name="sun.arch.data.model" value="64"/>
    <property name="java.vendor.url" value="http://java.oracle.com/"/>
    <property name="user.timezone" value=""/>
    <property name="java.vm.specification.version" value="1.8"/>
    <property name="os.name" value="Linux"/>
    <property name="user.country" value="IN"/>
    <property name="sun.java.launcher" value="SUN_STANDARD"/>
    <property name="sun.boot.library.path" value="/usr/lib/jvm/java-8-openjdk-amd64/jre/lib/amd64"/>
    <property name="sun.java.command" value="/home/vassar/Videos/Cucumberprojects/Httpclient/target/surefire/surefirebooter4356762506658007719.jar /home/vassar/Videos/Cucumberprojects/Httpclient/target/surefire 2020-04-27T10-44-19_739-jvmRun1 surefire8562024782563642805tmp surefire_07217618555874328616tmp"/>
    <property name="surefire.test.class.path" value="/home/vassar/Videos/Cucumberprojects/Httpclient/target/test-classes:/home/vassar/Videos/Cucumberprojects/Httpclient/target/classes:/home/vassar/.m2/repository/org/apache/httpcomponents/httpclient/4.5.11/httpclient-4.5.11.jar:/home/vassar/.m2/repository/commons-logging/commons-logging/1.2/commons-logging-1.2.jar:/home/vassar/.m2/repository/commons-codec/commons-codec/1.11/commons-codec-1.11.jar:/home/vassar/.m2/repository/org/apache/httpcomponents/httpcore/4.4.13/httpcore-4.4.13.jar:/home/vassar/.m2/repository/org/testng/testng/7.1.0/testng-7.1.0.jar:/home/vassar/.m2/repository/com/beust/jcommander/1.72/jcommander-1.72.jar:/home/vassar/.m2/repository/com/google/inject/guice/4.1.0/guice-4.1.0-no_aop.jar:/home/vassar/.m2/repository/javax/inject/javax.inject/1/javax.inject-1.jar:/home/vassar/.m2/repository/aopalliance/aopalliance/1.0/aopalliance-1.0.jar:/home/vassar/.m2/repository/com/google/guava/guava/19.0/guava-19.0.jar:/home/vassar/.m2/repository/org/yaml/snakeyaml/1.21/snakeyaml-1.21.jar:/home/vassar/.m2/repository/org/json/json/20190722/json-20190722.jar:/home/vassar/.m2/repository/org/apache/maven/surefire/surefire-testng-utils/2.21.0/surefire-testng-utils-2.21.0.jar:/home/vassar/.m2/repository/org/apache/maven/surefire/surefire-grouper/2.21.0/surefire-grouper-2.21.0.jar:"/>
    <property name="sun.cpu.endian" value="little"/>
    <property name="user.home" value="/home/vassar"/>
    <property name="user.language" value="en"/>
    <property name="java.specification.vendor" value="Oracle Corporation"/>
    <property name="java.home" value="/usr/lib/jvm/java-8-openjdk-amd64/jre"/>
    <property name="basedir" value="/home/vassar/Videos/Cucumberprojects/Httpclient"/>
    <property name="file.separator" value="/"/>
    <property name="line.separator" value="&#10;"/>
    <property name="java.vm.specification.vendor" value="Oracle Corporation"/>
    <property name="java.specification.name" value="Java Platform API Specification"/>
    <property name="java.awt.graphicsenv" value="sun.awt.X11GraphicsEnvironment"/>
    <property name="surefire.real.class.path" value="/home/vassar/Videos/Cucumberprojects/Httpclient/target/surefire/surefirebooter4356762506658007719.jar"/>
    <property name="sun.boot.class.path" value="/usr/lib/jvm/java-8-openjdk-amd64/jre/lib/resources.jar:/usr/lib/jvm/java-8-openjdk-amd64/jre/lib/rt.jar:/usr/lib/jvm/java-8-openjdk-amd64/jre/lib/sunrsasign.jar:/usr/lib/jvm/java-8-openjdk-amd64/jre/lib/jsse.jar:/usr/lib/jvm/java-8-openjdk-amd64/jre/lib/jce.jar:/usr/lib/jvm/java-8-openjdk-amd64/jre/lib/charsets.jar:/usr/lib/jvm/java-8-openjdk-amd64/jre/lib/jfr.jar:/usr/lib/jvm/java-8-openjdk-amd64/jre/classes"/>
    <property name="sun.management.compiler" value="HotSpot 64-Bit Tiered Compilers"/>
    <property name="java.runtime.version" value="1.8.0_242-8u242-b08-0ubuntu3~16.04-b08"/>
    <property name="user.name" value="vassar"/>
    <property name="path.separator" value=":"/>
    <property name="os.version" value="4.15.0-91-generic"/>
    <property name="java.endorsed.dirs" value="/usr/lib/jvm/java-8-openjdk-amd64/jre/lib/endorsed"/>
    <property name="java.runtime.name" value="OpenJDK Runtime Environment"/>
    <property name="file.encoding" value="UTF-8"/>
    <property name="java.vm.name" value="OpenJDK 64-Bit Server VM"/>
    <property name="localRepository" value="/home/vassar/.m2/repository"/>
    <property name="java.vendor.url.bug" value="http://bugreport.sun.com/bugreport/"/>
    <property name="java.io.tmpdir" value="/tmp"/>
    <property name="java.version" value="1.8.0_242"/>
    <property name="user.dir" value="/home/vassar/Videos/Cucumberprojects/Httpclient"/>
    <property name="os.arch" value="amd64"/>
    <property name="java.vm.specification.name" value="Java Virtual Machine Specification"/>
    <property name="java.awt.printerjob" value="sun.print.PSPrinterJob"/>
    <property name="sun.os.patch.level" value="unknown"/>
    <property name="java.library.path" value="/usr/java/packages/lib/amd64:/usr/lib/x86_64-linux-gnu/jni:/lib/x86_64-linux-gnu:/usr/lib/x86_64-linux-gnu:/usr/lib/jni:/lib:/usr/lib"/>
    <property name="java.vm.info" value="mixed mode"/>
    <property name="java.vendor" value="Private Build"/>
    <property name="java.vm.version" value="25.242-b08"/>
    <property name="java.ext.dirs" value="/usr/lib/jvm/java-8-openjdk-amd64/jre/lib/ext:/usr/java/packages/lib/ext"/>
    <property name="sun.io.unicode.encoding" value="UnicodeLittle"/>
    <property name="java.class.version" value="52.0"/>
  </properties>
  <testcase name="getmethod" classname="com.qa.testcase.GetApitest" time="2.945"/>
</testsuite>