<?xml version="1.0" encoding="UTF-8"?>
<!-- Generated by org.testng.reporters.JUnitReportReporter -->
<testsuite skipped="0" hostname="VASITQA0001" name="com.qa.testcase.GetApitest" tests="1" failures="0" timestamp="27 Apr 2020 12:00:25 GMT" time="2.831" errors="0">
  <testcase name="post_method" time="2.831" classname="com.qa.testcase.GetApitest"/>
</testsuite> <!-- com.qa.testcase.GetApitest -->
