<?xml version="1.0" encoding="UTF-8"?>
<!-- Generated by org.testng.reporters.JUnitReportReporter -->
<testsuite skipped="0" hostname="VASITQA0001" name="com.qa.testcase.NewTest" tests="1" failures="0" timestamp="2020-04-27T10:35:49 IST" time="0.003" errors="0">
  <testcase name="f" time="0.003" classname="com.qa.testcase.NewTest"/>
  <system-out/>
</testsuite> <!-- com.qa.testcase.NewTest -->
