<?xml version="1.0" encoding="UTF-8"?>
<!-- Generated by org.testng.reporters.JUnitReportReporter -->
<testsuite skipped="0" hostname="VASITQA0001" name="com.qa.testcase.GetApitest" tests="1" failures="0" timestamp="2020-04-27T10:44:23 IST" time="2.943" errors="0">
  <testcase name="getmethod" time="2.943" classname="com.qa.testcase.GetApitest"/>
  <system-out/>
</testsuite> <!-- com.qa.testcase.GetApitest -->
